<?xml version="1.0" encoding="UTF-8"?>
<testsuites>
  <testsuite name="Pusher_test" file="/Users/professional/Desktop/side-15inch/pusher_test/application/tests/Pusher_test.php" tests="1" assertions="5" errors="0" warnings="0" failures="1" skipped="0" time="0.037599">
    <testcase name="test_auth_string" class="Pusher_test" classname="Pusher_test" file="/Users/professional/Desktop/side-15inch/pusher_test/application/tests/Pusher_test.php" line="42" assertions="5" time="0.037599">
      <failure type="PHPUnit\Framework\ExpectationFailedException">Pusher_test::test_auth_string
try
Failed asserting that two strings are equal.
--- Expected
+++ Actual
@@ @@
-'82b7e137398bcd5d23f9665296b1248bbabc0f58a9d6aeca60f611292ef0baf8'
+'4547cb6dd05730d58269058206133e80a94f212fbf33f52db372bd84c4ebd6c0'

/Users/professional/Desktop/side-15inch/pusher_test/application/tests/Pusher_test.php:62
/Users/professional/Desktop/side-15inch/pusher_test/vendor/phpunit/phpunit/phpunit:61
</failure>
      <system-out>1085843</system-out>
    </testcase>
  </testsuite>
</testsuites>
